Сборка начата 23.02.2022 01:42:33.
Уровень детализации журнала: Normal.     1>Проект "D:\Лабы\КПО\Command line. Stages of source code processing\Date\Date\Date.vcxproj" в узле 2 (целевые объекты Build).
     1>InitializeBuildStatus:
         Создание "Debug\Date.tlog\unsuccessfulbuild", так как было задано "AlwaysCreate".
       ClCompile:
         C:\Program Files (x86)\Microsoft Visual Studio\2019\Community\VC\Tools\MSVC\14.29.30133\bin\HostX86\x86\CL.exe /c /ZI /JMC /nologo /W3 /WX- /diagnostics:column /sdl /Od /Oy- /D WIN32 /D _DEBUG /D _CONSOLE /D _UNICODE /D UNICODE /Gm- /EHsc /RTC1 /MDd /GS /fp:precise /permissive- /Zc:wchar_t /Zc:forScope /Zc:inline /Fo"Debug\\" /Fd"Debug\vc142.pdb" /external:W3 /Gd /TP /analyze- /FC /errorReport:prompt Source.cpp
         Source.cpp
     1>D:\Лабы\КПО\Command line. Stages of source code processing\Date\Date\Source.cpp(50,13): warning C4326: возвращаемый тип "main" должен быть "int", а не "void"
     1>D:\Лабы\КПО\Command line. Stages of source code processing\Date\Date\Source.cpp(48): warning C4715: is_correct_date: значение возвращается не при всех путях выполнения
       Link:
         C:\Program Files (x86)\Microsoft Visual Studio\2019\Community\VC\Tools\MSVC\14.29.30133\bin\HostX86\x86\link.exe /ERRORREPORT:PROMPT /OUT:"D:\Лабы\КПО\Command line. Stages of source code processing\Date\Debug\Date.exe" /INCREMENTAL /ILK:"Debug\Date.ilk" /NOLOGO kernel32.lib user32.lib gdi32.lib winspool.lib comdlg32.lib advapi32.lib shell32.lib ole32.lib oleaut32.lib uuid.lib odbc32.lib odbccp32.lib /MANIFEST /MANIFESTUAC:"level='asInvoker' uiAccess='false'" /manifest:embed /DEBUG /PDB:"D:\Лабы\КПО\Command line. Stages of source code processing\Date\Debug\Date.pdb" /SUBSYSTEM:CONSOLE /TLBID:1 /DYNAMICBASE /NXCOMPAT /IMPLIB:"D:\Лабы\КПО\Command line. Stages of source code processing\Date\Debug\Date.lib" /MACHINE:X86 Debug\Source.obj
         Date.vcxproj -> D:\Лабы\КПО\Command line. Stages of source code processing\Date\Debug\Date.exe
       FinalizeBuildStatus:
         Файл "Debug\Date.tlog\unsuccessfulbuild" удаляется.
         Обращение к "Debug\Date.tlog\Date.lastbuildstate".
     1>Сборка проекта "D:\Лабы\КПО\Command line. Stages of source code processing\Date\Date\Date.vcxproj" завершена (целевые объекты Build).

Сборка успешно завершена.

       "D:\Лабы\КПО\Command line. Stages of source code processing\Date\Date\Date.vcxproj" (целевой объект Build ) (1) ->
       (Целевой объект ClCompile) -> 
         D:\Лабы\КПО\Command line. Stages of source code processing\Date\Date\Source.cpp(50,13): warning C4326: возвращаемый тип "main" должен быть "int", а не "void"
         D:\Лабы\КПО\Command line. Stages of source code processing\Date\Date\Source.cpp(48): warning C4715: is_correct_date: значение возвращается не при всех путях выполнения

    Предупреждений: 2
    Ошибок: 0

Прошло времени 00:00:00.63
