Сборка начата 22.02.2022 12:13:36.
Уровень детализации журнала: Normal.     1>Проект "D:\Лабы\КПО\Command line. Stages of source code processing\Date\Date\Date.vcxproj" в узле 2 (целевые объекты Build).
     1>InitializeBuildStatus:
         Обращение к "Release\Date.tlog\unsuccessfulbuild".
       ClCompile:
         C:\Program Files (x86)\Microsoft Visual Studio\2019\Community\VC\Tools\MSVC\14.29.30133\bin\HostX86\x86\CL.exe /c /Zi /nologo /W3 /WX- /diagnostics:column /sdl /O2 /Oi /Oy- /GL /D WIN32 /D NDEBUG /D _CONSOLE /D _UNICODE /D UNICODE /Gm- /EHsc /MD /GS /Gy /fp:precise /permissive- /Zc:wchar_t /Zc:forScope /Zc:inline /Fo"Release\\" /Fd"Release\vc142.pdb" /external:W3 /Gd /TP /analyze- /FC /errorReport:prompt Source.cpp
         Source.cpp
     1>D:\Лабы\КПО\Command line. Stages of source code processing\Date\Date\Source.cpp(53,13): warning C4326: возвращаемый тип "main" должен быть "int", а не "void"
       Link:
         C:\Program Files (x86)\Microsoft Visual Studio\2019\Community\VC\Tools\MSVC\14.29.30133\bin\HostX86\x86\link.exe /ERRORREPORT:PROMPT /OUT:"D:\Лабы\КПО\Command line. Stages of source code processing\Date\Release\Date.exe" /INCREMENTAL:NO /NOLOGO kernel32.lib user32.lib gdi32.lib winspool.lib comdlg32.lib advapi32.lib shell32.lib ole32.lib oleaut32.lib uuid.lib odbc32.lib odbccp32.lib /MANIFEST /MANIFESTUAC:"level='asInvoker' uiAccess='false'" /manifest:embed /DEBUG /PDB:"D:\Лабы\КПО\Command line. Stages of source code processing\Date\Release\Date.pdb" /SUBSYSTEM:CONSOLE /OPT:REF /OPT:ICF /LTCG:incremental /LTCGOUT:"Release\Date.iobj" /TLBID:1 /DYNAMICBASE /NXCOMPAT /IMPLIB:"D:\Лабы\КПО\Command line. Stages of source code processing\Date\Release\Date.lib" /MACHINE:X86 /SAFESEH Release\Source.obj
         Создание кода
         1 of 16 functions ( 6.2%) were compiled, the rest were copied from previous compilation.
           0 functions were new in current compilation
           0 functions had inline decision re-evaluated but remain unchanged
         Создание кода завершено
         Date.vcxproj -> D:\Лабы\КПО\Command line. Stages of source code processing\Date\Release\Date.exe
       FinalizeBuildStatus:
         Файл "Release\Date.tlog\unsuccessfulbuild" удаляется.
         Обращение к "Release\Date.tlog\Date.lastbuildstate".
     1>Сборка проекта "D:\Лабы\КПО\Command line. Stages of source code processing\Date\Date\Date.vcxproj" завершена (целевые объекты Build).

Сборка успешно завершена.

       "D:\Лабы\КПО\Command line. Stages of source code processing\Date\Date\Date.vcxproj" (целевой объект Build ) (1) ->
       (Целевой объект ClCompile) -> 
         D:\Лабы\КПО\Command line. Stages of source code processing\Date\Date\Source.cpp(53,13): warning C4326: возвращаемый тип "main" должен быть "int", а не "void"

    Предупреждений: 1
    Ошибок: 0

Прошло времени 00:00:00.59
