Сборка начата 17.05.2022 18:28:49.
Уровень детализации журнала: Normal.     1>Проект "D:\Labs\КПО\10. Functions with variable parameters\SE_Lab10\SE_Lab10\SE_Lab10.vcxproj" в узле 2 (целевые объекты Build).
     1>InitializeBuildStatus:
         Создание "Debug\SE_Lab10.tlog\unsuccessfulbuild", так как было задано "AlwaysCreate".
       ClCompile:
         C:\Program Files (x86)\Microsoft Visual Studio\2019\Community\VC\Tools\MSVC\14.29.30133\bin\HostX86\x86\CL.exe /c /ZI /JMC /nologo /W3 /WX- /diagnostics:column /sdl /Od /Oy- /D WIN32 /D _DEBUG /D _CONSOLE /D _UNICODE /D UNICODE /Gm- /EHsc /RTC1 /MDd /GS /fp:precise /permissive- /Zc:wchar_t /Zc:forScope /Zc:inline /Fo"Debug\\" /Fd"Debug\vc142.pdb" /external:W3 /Gd /TP /analyze- /FC /errorReport:prompt Varparm.cpp
         Varparm.cpp
     1>D:\Labs\КПО\10. Functions with variable parameters\SE_Lab10\SE_Lab10\Varparm.cpp(8,1): warning C4326: возвращаемый тип "main" должен быть "int", а не "void"
     1>D:\Labs\КПО\10. Functions with variable parameters\SE_Lab10\SE_Lab10\Varparm.cpp(43,70): warning C4305: аргумент: усечение из "double" в "float"
       Link:
         C:\Program Files (x86)\Microsoft Visual Studio\2019\Community\VC\Tools\MSVC\14.29.30133\bin\HostX86\x86\link.exe /ERRORREPORT:PROMPT /OUT:"D:\Labs\КПО\10. Functions with variable parameters\SE_Lab10\Debug\SE_Lab10.exe" /INCREMENTAL /ILK:"Debug\SE_Lab10.ilk" /NOLOGO kernel32.lib user32.lib gdi32.lib winspool.lib comdlg32.lib advapi32.lib shell32.lib ole32.lib oleaut32.lib uuid.lib odbc32.lib odbccp32.lib /MANIFEST /MANIFESTUAC:"level='asInvoker' uiAccess='false'" /manifest:embed /DEBUG /PDB:"D:\Labs\КПО\10. Functions with variable parameters\SE_Lab10\Debug\SE_Lab10.pdb" /SUBSYSTEM:CONSOLE /TLBID:1 /DYNAMICBASE /NXCOMPAT /IMPLIB:"D:\Labs\КПО\10. Functions with variable parameters\SE_Lab10\Debug\SE_Lab10.lib" /MACHINE:X86 Debug\Varparm.obj
         SE_Lab10.vcxproj -> D:\Labs\КПО\10. Functions with variable parameters\SE_Lab10\Debug\SE_Lab10.exe
       FinalizeBuildStatus:
         Файл "Debug\SE_Lab10.tlog\unsuccessfulbuild" удаляется.
         Обращение к "Debug\SE_Lab10.tlog\SE_Lab10.lastbuildstate".
     1>Сборка проекта "D:\Labs\КПО\10. Functions with variable parameters\SE_Lab10\SE_Lab10\SE_Lab10.vcxproj" завершена (целевые объекты Build).

Сборка успешно завершена.

       "D:\Labs\КПО\10. Functions with variable parameters\SE_Lab10\SE_Lab10\SE_Lab10.vcxproj" (целевой объект Build ) (1) ->
       (Целевой объект ClCompile) -> 
         D:\Labs\КПО\10. Functions with variable parameters\SE_Lab10\SE_Lab10\Varparm.cpp(8,1): warning C4326: возвращаемый тип "main" должен быть "int", а не "void"
         D:\Labs\КПО\10. Functions with variable parameters\SE_Lab10\SE_Lab10\Varparm.cpp(43,70): warning C4305: аргумент: усечение из "double" в "float"

    Предупреждений: 2
    Ошибок: 0

Прошло времени 00:00:00.64
